python: can't open file '.webhook.py': [Errno 2] No such file or directory
Traceback (most recent call last):
  File "../webhook.py", line 3, in <module>
    from .. import main
ImportError: attempted relative import with no known parent package
 * Serving Flask app 'webhook'
 * Debug mode: on
 * Serving Flask app 'webhook'
 * Debug mode: on
 * Serving Flask app 'webhook'
 * Debug mode: on
 * Serving Flask app 'webhook'
 * Debug mode: on
 * Serving Flask app 'webhook'
 * Debug mode: on
 * Serving Flask app 'webhook'
 * Debug mode: on
 * Serving Flask app 'webhook'
 * Debug mode: on
 * Serving Flask app 'webhook'
 * Debug mode: on
 * Serving Flask app 'webhook'
 * Debug mode: on
 * Serving Flask app 'webhook'
 * Debug mode: on
 * Serving Flask app 'webhook'
 * Debug mode: on
 * Serving Flask app 'webhook'
 * Debug mode: on
